<!DOCTYPE html PUBLIC "-//W3C//DTD XHTML 1.1//EN" "https://www.w3.org/TR/xhtml11/DTD/xhtml11.dtd">
<html xmlns="https://www.w3.org/1999/xhtml">
<head>
<meta http-equiv="content-type" content="text/html; charset=UTF-8"/>
<title>TestNG Report</title>
<style type="text/css">table {margin-bottom:10px;border-collapse:collapse;empty-cells:show}th,td {border:1px solid #009;padding:.25em .5em}th {vertical-align:bottom}td {vertical-align:top}table a {font-weight:bold}.stripe td {background-color: #E6EBF9}.num {text-align:right}.passedodd td {background-color: #3F3}.passedeven td {background-color: #0A0}.skippedodd td {background-color: #DDD}.skippedeven td {background-color: #CCC}.failedodd td,.attn {background-color: #F33}.failedeven td,.stripe .attn {background-color: #D00}.stacktrace {white-space:pre;font-family:monospace}.totop {font-size:85%;text-align:center;border-bottom:2px solid #000}.invisible {display:none}</style>
</head>
<body>
<table>
<tr><th>Test</th><th># Passed</th><th># Skipped</th><th># Retried</th><th># Failed</th><th>Time (ms)</th><th>Included Groups</th><th>Excluded Groups</th></tr>
<tr><th colspan="8">Web Suite</th></tr>
<tr><td><a href="#t0">Web Tests</a></td><td class="num">6</td><td class="num">0</td><td class="num attn">9</td><td class="num attn">3</td><td class="num">168,578</td><td></td><td></td></tr>
</table>
<table id='summary'><thead><tr><th>Class</th><th>Method</th><th>Start</th><th>Time (ms)</th></tr></thead><tbody><tr><th colspan="4">Web Suite</th></tr></tbody><tbody id="t0"><tr><th colspan="4">Web Tests &#8212; failed</th></tr><tr class="failedeven"><td rowspan="3">sanity.ShopDemo</td><td><a href="#m0">test04_verifyProductImage</a></td><td rowspan="1">1735379311060</td><td rowspan="1">3806</td></tr><tr class="failedeven"><td><a href="#m1">test05_verifyHighestProductPrice</a></td><td rowspan="1">1735379338677</td><td rowspan="1">6333</td></tr><tr class="failedeven"><td><a href="#m2">test07_verifySearchProductsElementLocation</a></td><td rowspan="1">1735379395194</td><td rowspan="1">5528</td></tr><tr><th colspan="4">Web Tests &#8212; retried</th></tr><tr class="retriedeven"><td rowspan="9">sanity.ShopDemo</td><td><a href="#m3">test04_verifyProductImage</a></td><td rowspan="3">1735379301082</td><td rowspan="3">2839</td></tr><tr class="retriedeven"><td><a href="#m4">test04_verifyProductImage</a></td></tr><tr class="retriedeven"><td><a href="#m5">test04_verifyProductImage</a></td></tr><tr class="retriedeven"><td><a href="#m6">test05_verifyHighestProductPrice</a></td><td rowspan="3">1735379330207</td><td rowspan="3">5363</td></tr><tr class="retriedeven"><td><a href="#m7">test05_verifyHighestProductPrice</a></td></tr><tr class="retriedeven"><td><a href="#m8">test05_verifyHighestProductPrice</a></td></tr><tr class="retriedeven"><td><a href="#m9">test07_verifySearchProductsElementLocation</a></td><td rowspan="3">1735379386082</td><td rowspan="3">4340</td></tr><tr class="retriedeven"><td><a href="#m10">test07_verifySearchProductsElementLocation</a></td></tr><tr class="retriedeven"><td><a href="#m11">test07_verifySearchProductsElementLocation</a></td></tr><tr><th colspan="4">Web Tests &#8212; passed</th></tr><tr class="passedeven"><td rowspan="6">sanity.ShopDemo</td><td><a href="#m12">test01_verifySearchForSpecificProduct</a></td><td rowspan="2">1735379276226</td><td rowspan="2">4635</td></tr><tr class="passedeven"><td><a href="#m13">test01_verifySearchForSpecificProduct</a></td></tr><tr class="passedeven"><td><a href="#m14">test02_SearchForKeywordAndVerifyProductsCount</a></td><td rowspan="2">1735379285579</td><td rowspan="2">2213</td></tr><tr class="passedeven"><td><a href="#m15">test02_SearchForKeywordAndVerifyProductsCount</a></td></tr><tr class="passedeven"><td><a href="#m16">test03_verifyAboutAtidText</a></td><td rowspan="1">1735379291714</td><td rowspan="1">1452</td></tr><tr class="passedeven"><td><a href="#m17">test06_verifyDetailsOfProductAddedToCart</a></td><td rowspan="1">1735379348305</td><td rowspan="1">19222</td></tr></tbody>
</table>
<h2>Web Tests</h2><h3 id="m0">sanity.ShopDemo#test04_verifyProductImage</h3><table class="result"><tr><th>Exception</th></tr><tr><td><div class="stacktrace">java.lang.AssertionError: Error Comparing Image File: FindFailed: C:\\Automation\\Projects\\Selenium4Java\\Images\\anchorBraceletImage.png: (156x156) in R[0,0 1280x1024]@S(0)
  Line 2287, in file Region.java

	at extensions.Verifications.visualElement(Verifications.java:185)
	at sanity.ShopDemo.test04_verifyProductImage(ShopDemo.java:50)
	at java.base/java.util.ArrayList.forEach(ArrayList.java:1541)
... Removed 32 stack frames</div></td></tr></table><p class="totop"><a href="#summary">back to summary</a></p>
<h3 id="m1">sanity.ShopDemo#test05_verifyHighestProductPrice</h3><table class="result"><tr><th>Exception</th></tr><tr><td><div class="stacktrace">java.lang.AssertionError: expected [true] but found [false]
	at extensions.Verifications.verifyTextContainedInElement(Verifications.java:110)
	at sanity.ShopDemo.test05_verifyHighestProductPrice(ShopDemo.java:59)
	at java.base/java.util.ArrayList.forEach(ArrayList.java:1541)
... Removed 35 stack frames</div></td></tr></table><p class="totop"><a href="#summary">back to summary</a></p>
<h3 id="m2">sanity.ShopDemo#test07_verifySearchProductsElementLocation</h3><table class="result"><tr><th>Exception</th></tr><tr><td><div class="stacktrace">java.lang.AssertionError: The following asserts failed:
	expected [198] but found [217],
	expected [43] but found [42],
	expected [198] but found [217],
	expected [43] but found [42],
	expected [198] but found [217],
	expected [43] but found [42],
	expected [198] but found [217],
	expected [43] but found [42]
	at extensions.Verifications.verifyElementOrientaion(Verifications.java:269)
	at sanity.ShopDemo.test07_verifySearchProductsElementLocation(ShopDemo.java:116)
	at java.base/java.util.ArrayList.forEach(ArrayList.java:1541)
... Removed 33 stack frames</div></td></tr></table><p class="totop"><a href="#summary">back to summary</a></p>
<h3 id="m3">sanity.ShopDemo#test04_verifyProductImage</h3><table class="result"><tr><th>Exception</th></tr><tr><td><div class="stacktrace">java.lang.AssertionError: Error Comparing Image File: FindFailed: C:\\Automation\\Projects\\Selenium4Java\\Images\\anchorBraceletImage.png: (156x156) in R[0,0 1280x1024]@S(0)
  Line 2287, in file Region.java

	at extensions.Verifications.visualElement(Verifications.java:185)
	at sanity.ShopDemo.test04_verifyProductImage(ShopDemo.java:50)
	at java.base/java.util.ArrayList.forEach(ArrayList.java:1541)
... Removed 32 stack frames</div></td></tr></table><p class="totop"><a href="#summary">back to summary</a></p>
<h3 id="m4">sanity.ShopDemo#test04_verifyProductImage</h3><table class="result"><tr><th>Exception</th></tr><tr><td><div class="stacktrace">java.lang.AssertionError: Error Comparing Image File: FindFailed: C:\\Automation\\Projects\\Selenium4Java\\Images\\anchorBraceletImage.png: (156x156) in R[0,0 1280x1024]@S(0)
  Line 2287, in file Region.java

	at extensions.Verifications.visualElement(Verifications.java:185)
	at sanity.ShopDemo.test04_verifyProductImage(ShopDemo.java:50)
	at java.base/java.util.ArrayList.forEach(ArrayList.java:1541)
... Removed 32 stack frames</div></td></tr></table><p class="totop"><a href="#summary">back to summary</a></p>
<h3 id="m5">sanity.ShopDemo#test04_verifyProductImage</h3><table class="result"><tr><th>Exception</th></tr><tr><td><div class="stacktrace">java.lang.AssertionError: Error Comparing Image File: FindFailed: C:\\Automation\\Projects\\Selenium4Java\\Images\\anchorBraceletImage.png: (156x156) in R[0,0 1280x1024]@S(0)
  Line 2287, in file Region.java

	at extensions.Verifications.visualElement(Verifications.java:185)
	at sanity.ShopDemo.test04_verifyProductImage(ShopDemo.java:50)
	at java.base/java.util.ArrayList.forEach(ArrayList.java:1541)
... Removed 32 stack frames</div></td></tr></table><p class="totop"><a href="#summary">back to summary</a></p>
<h3 id="m6">sanity.ShopDemo#test05_verifyHighestProductPrice</h3><table class="result"><tr><th>Exception</th></tr><tr><td><div class="stacktrace">java.lang.AssertionError: expected [true] but found [false]
	at extensions.Verifications.verifyTextContainedInElement(Verifications.java:110)
	at sanity.ShopDemo.test05_verifyHighestProductPrice(ShopDemo.java:59)
	at java.base/java.util.ArrayList.forEach(ArrayList.java:1541)
... Removed 35 stack frames</div></td></tr></table><p class="totop"><a href="#summary">back to summary</a></p>
<h3 id="m7">sanity.ShopDemo#test05_verifyHighestProductPrice</h3><table class="result"><tr><th>Exception</th></tr><tr><td><div class="stacktrace">java.lang.AssertionError: expected [true] but found [false]
	at extensions.Verifications.verifyTextContainedInElement(Verifications.java:110)
	at sanity.ShopDemo.test05_verifyHighestProductPrice(ShopDemo.java:59)
	at java.base/java.util.ArrayList.forEach(ArrayList.java:1541)
... Removed 35 stack frames</div></td></tr></table><p class="totop"><a href="#summary">back to summary</a></p>
<h3 id="m8">sanity.ShopDemo#test05_verifyHighestProductPrice</h3><table class="result"><tr><th>Exception</th></tr><tr><td><div class="stacktrace">java.lang.AssertionError: expected [true] but found [false]
	at extensions.Verifications.verifyTextContainedInElement(Verifications.java:110)
	at sanity.ShopDemo.test05_verifyHighestProductPrice(ShopDemo.java:59)
	at java.base/java.util.ArrayList.forEach(ArrayList.java:1541)
... Removed 35 stack frames</div></td></tr></table><p class="totop"><a href="#summary">back to summary</a></p>
<h3 id="m9">sanity.ShopDemo#test07_verifySearchProductsElementLocation</h3><table class="result"><tr><th>Exception</th></tr><tr><td><div class="stacktrace">java.lang.AssertionError: The following asserts failed:
	expected [198] but found [217],
	expected [43] but found [42],
	expected [198] but found [217],
	expected [43] but found [42],
	expected [198] but found [217],
	expected [43] but found [42]
	at extensions.Verifications.verifyElementOrientaion(Verifications.java:269)
	at sanity.ShopDemo.test07_verifySearchProductsElementLocation(ShopDemo.java:116)
	at java.base/java.util.ArrayList.forEach(ArrayList.java:1541)
... Removed 33 stack frames</div></td></tr></table><p class="totop"><a href="#summary">back to summary</a></p>
<h3 id="m10">sanity.ShopDemo#test07_verifySearchProductsElementLocation</h3><table class="result"><tr><th>Exception</th></tr><tr><td><div class="stacktrace">java.lang.AssertionError: The following asserts failed:
	expected [198] but found [217],
	expected [43] but found [42]
	at extensions.Verifications.verifyElementOrientaion(Verifications.java:269)
	at sanity.ShopDemo.test07_verifySearchProductsElementLocation(ShopDemo.java:116)
	at java.base/java.util.ArrayList.forEach(ArrayList.java:1541)
... Removed 33 stack frames</div></td></tr></table><p class="totop"><a href="#summary">back to summary</a></p>
<h3 id="m11">sanity.ShopDemo#test07_verifySearchProductsElementLocation</h3><table class="result"><tr><th>Exception</th></tr><tr><td><div class="stacktrace">java.lang.AssertionError: The following asserts failed:
	expected [198] but found [217],
	expected [43] but found [42],
	expected [198] but found [217],
	expected [43] but found [42]
	at extensions.Verifications.verifyElementOrientaion(Verifications.java:269)
	at sanity.ShopDemo.test07_verifySearchProductsElementLocation(ShopDemo.java:116)
	at java.base/java.util.ArrayList.forEach(ArrayList.java:1541)
... Removed 33 stack frames</div></td></tr></table><p class="totop"><a href="#summary">back to summary</a></p>
<h3 id="m12">sanity.ShopDemo#test01_verifySearchForSpecificProduct</h3><table class="result"><tr class="param"><th>Parameter #1</th><th>Parameter #2</th></tr><tr class="param stripe"><td>Anchor Bracelet</td><td>Anchor Bracelet</td></tr></table><p class="totop"><a href="#summary">back to summary</a></p>
<h3 id="m13">sanity.ShopDemo#test01_verifySearchForSpecificProduct</h3><table class="result"><tr class="param"><th>Parameter #1</th><th>Parameter #2</th></tr><tr class="param stripe"><td>ATID Yellow Shoes</td><td>ATID Yellow Shoes</td></tr></table><p class="totop"><a href="#summary">back to summary</a></p>
<h3 id="m14">sanity.ShopDemo#test02_SearchForKeywordAndVerifyProductsCount</h3><table class="result"><tr class="param"><th>Parameter #1</th><th>Parameter #2</th></tr><tr class="param stripe"><td>shoes</td><td>5</td></tr></table><p class="totop"><a href="#summary">back to summary</a></p>
<h3 id="m15">sanity.ShopDemo#test02_SearchForKeywordAndVerifyProductsCount</h3><table class="result"><tr class="param"><th>Parameter #1</th><th>Parameter #2</th></tr><tr class="param stripe"><td>jeans</td><td>7</td></tr></table><p class="totop"><a href="#summary">back to summary</a></p>
<h3 id="m16">sanity.ShopDemo#test03_verifyAboutAtidText</h3><table class="result"><tr><th class="invisible"/></tr></table><p class="totop"><a href="#summary">back to summary</a></p>
<h3 id="m17">sanity.ShopDemo#test06_verifyDetailsOfProductAddedToCart</h3><table class="result"><tr><th class="invisible"/></tr></table><p class="totop"><a href="#summary">back to summary</a></p>
</body>
</html>
