{"uid":"1d81d0cecd3d963","name":"Test01 - Verify performance metric for adding a product to the cart","fullName":"sanity.ShopDemoPerformanceTesting.test01_verifyPerformanceMetricTimeOfAddingAProductToCart","historyId":"fc99d431e2d4c127472b1007f24c7f88","time":{"start":1735381901431,"stop":1735381926149,"duration":24718},"description":"This test verifies whether the time taken to add a product to the cart meets the expected threshold.","descriptionHtml":"<p>This test verifies whether the time taken to add a product to the cart meets the expected threshold.</p>\n","status":"broken","statusMessage":"Expected condition failed: waiting for visibility of Proxy element for: DefaultElementLocator 'By.cssSelector: select[name='orderby']' (tried for 10 second(s) with 500 milliseconds interval)","statusTrace":"org.openqa.selenium.TimeoutException: Expected condition failed: waiting for visibility of Proxy element for: DefaultElementLocator 'By.cssSelector: select[name='orderby']' (tried for 10 second(s) with 500 milliseconds interval)\r\n\tat org.openqa.selenium.support.ui.WebDriverWait.timeoutException(WebDriverWait.java:84)\r\n\tat org.openqa.selenium.support.ui.FluentWait.until(FluentWait.java:229)\r\n\tat extensions.UIActions.selectDropDownByValue(UIActions.java:121)\r\n\tat workflows.Webflows.SortProductsByPriceLowToHigh(Webflows.java:24)\r\n\tat sanity.ShopDemoPerformanceTesting.test01_verifyPerformanceMetricTimeOfAddingAProductToCart(ShopDemoPerformanceTesting.java:28)\r\n\tat java.base/jdk.internal.reflect.NativeMethodAccessorImpl.invoke0(Native Method)\r\n\tat java.base/jdk.internal.reflect.NativeMethodAccessorImpl.invoke(NativeMethodAccessorImpl.java:62)\r\n\tat java.base/jdk.internal.reflect.DelegatingMethodAccessorImpl.invoke(DelegatingMethodAccessorImpl.java:43)\r\n\tat java.base/java.lang.reflect.Method.invoke(Method.java:566)\r\n\tat org.testng.internal.MethodInvocationHelper.invokeMethod(MethodInvocationHelper.java:133)\r\n\tat org.testng.internal.TestInvoker.invokeMethod(TestInvoker.java:598)\r\n\tat org.testng.internal.TestInvoker.retryFailed(TestInvoker.java:213)\r\n\tat org.testng.internal.MethodRunner.runInSequence(MethodRunner.java:58)\r\n\tat org.testng.internal.TestInvoker$MethodInvocationAgent.invoke(TestInvoker.java:824)\r\n\tat org.testng.internal.TestInvoker.invokeTestMethods(TestInvoker.java:146)\r\n\tat org.testng.internal.TestMethodWorker.invokeTestMethods(TestMethodWorker.java:146)\r\n\tat org.testng.internal.TestMethodWorker.run(TestMethodWorker.java:128)\r\n\tat java.base/java.util.ArrayList.forEach(ArrayList.java:1541)\r\n\tat org.testng.TestRunner.privateRun(TestRunner.java:794)\r\n\tat org.testng.TestRunner.run(TestRunner.java:596)\r\n\tat org.testng.SuiteRunner.runTest(SuiteRunner.java:377)\r\n\tat org.testng.SuiteRunner.runSequentially(SuiteRunner.java:371)\r\n\tat org.testng.SuiteRunner.privateRun(SuiteRunner.java:332)\r\n\tat org.testng.SuiteRunner.run(SuiteRunner.java:276)\r\n\tat org.testng.SuiteRunnerWorker.runSuite(SuiteRunnerWorker.java:53)\r\n\tat org.testng.SuiteRunnerWorker.run(SuiteRunnerWorker.java:96)\r\n\tat org.testng.TestNG.runSuitesSequentially(TestNG.java:1212)\r\n\tat org.testng.TestNG.runSuitesLocally(TestNG.java:1134)\r\n\tat org.testng.TestNG.runSuites(TestNG.java:1063)\r\n\tat org.testng.TestNG.run(TestNG.java:1031)\r\n\tat com.intellij.rt.testng.IDEARemoteTestNG.run(IDEARemoteTestNG.java:66)\r\n\tat com.intellij.rt.testng.RemoteTestNGStarter.main(RemoteTestNGStarter.java:109)\r\nCaused by: org.openqa.selenium.NoSuchElementException: Unable to locate element: select[name='orderby']\nFor documentation on this error, please visit: https://www.selenium.dev/documentation/webdriver/troubleshooting/errors#no-such-element-exception\nBuild info: version: '4.16.1', revision: '9b4c83354e'\nSystem info: os.name: 'Windows 10', os.arch: 'amd64', os.version: '10.0', java.version: '11.0.19'\nDriver info: org.openqa.selenium.firefox.FirefoxDriver\nCommand: [fe156d33-58e6-4c94-ae06-b825baad2cc1, findElement {using=css selector, value=select[name='orderby']}]\nCapabilities {acceptInsecureCerts: true, browserName: firefox, browserVersion: 127.0, moz:accessibilityChecks: false, moz:buildID: 20240606181944, moz:debuggerAddress: 127.0.0.1:11938, moz:geckodriverVersion: 0.35.0, moz:headless: false, moz:platformVersion: 10.0, moz:processID: 11148, moz:profile: C:\\Users\\Yosi\\AppData\\Local..., moz:shutdownTimeout: 60000, moz:webdriverClick: true, moz:windowless: false, pageLoadStrategy: normal, platformName: windows, proxy: Proxy(), se:cdp: ws://127.0.0.1:11938/devtoo..., se:cdpVersion: 85.0, setWindowRect: true, strictFileInteractability: false, timeouts: {implicit: 0, pageLoad: 300000, script: 30000}, unhandledPromptBehavior: dismiss and notify, userAgent: Mozilla/5.0 (Windows NT 10....}\nSession ID: fe156d33-58e6-4c94-ae06-b825baad2cc1\r\n\tat java.base/jdk.internal.reflect.NativeConstructorAccessorImpl.newInstance0(Native Method)\r\n\tat java.base/jdk.internal.reflect.NativeConstructorAccessorImpl.newInstance(NativeConstructorAccessorImpl.java:62)\r\n\tat java.base/jdk.internal.reflect.DelegatingConstructorAccessorImpl.newInstance(DelegatingConstructorAccessorImpl.java:45)\r\n\tat java.base/java.lang.reflect.Constructor.newInstance(Constructor.java:490)\r\n\tat org.openqa.selenium.remote.codec.w3c.W3CHttpResponseCodec.createException(W3CHttpResponseCodec.java:200)\r\n\tat org.openqa.selenium.remote.codec.w3c.W3CHttpResponseCodec.decode(W3CHttpResponseCodec.java:133)\r\n\tat org.openqa.selenium.remote.codec.w3c.W3CHttpResponseCodec.decode(W3CHttpResponseCodec.java:52)\r\n\tat org.openqa.selenium.remote.HttpCommandExecutor.execute(HttpCommandExecutor.java:191)\r\n\tat org.openqa.selenium.remote.service.DriverCommandExecutor.invokeExecute(DriverCommandExecutor.java:200)\r\n\tat org.openqa.selenium.remote.service.DriverCommandExecutor.execute(DriverCommandExecutor.java:175)\r\n\tat org.openqa.selenium.remote.RemoteWebDriver.execute(RemoteWebDriver.java:523)\r\n\tat org.openqa.selenium.remote.ElementLocation$ElementFinder$2.findElement(ElementLocation.java:165)\r\n\tat org.openqa.selenium.remote.ElementLocation.findElement(ElementLocation.java:59)\r\n\tat org.openqa.selenium.remote.RemoteWebDriver.findElement(RemoteWebDriver.java:360)\r\n\tat org.openqa.selenium.remote.RemoteWebDriver.findElement(RemoteWebDriver.java:354)\r\n\tat org.openqa.selenium.support.pagefactory.DefaultElementLocator.findElement(DefaultElementLocator.java:68)\r\n\tat org.openqa.selenium.support.pagefactory.internal.LocatingElementHandler.invoke(LocatingElementHandler.java:38)\r\n\tat com.sun.proxy.$Proxy16.isDisplayed(Unknown Source)\r\n\tat org.openqa.selenium.support.ui.ExpectedConditions.elementIfVisible(ExpectedConditions.java:304)\r\n\tat org.openqa.selenium.support.ui.ExpectedConditions$10.apply(ExpectedConditions.java:290)\r\n\tat org.openqa.selenium.support.ui.ExpectedConditions$10.apply(ExpectedConditions.java:287)\r\n\tat org.openqa.selenium.support.ui.FluentWait.until(FluentWait.java:204)\r\n\t... 30 more\r\n","flaky":false,"newFailed":false,"newBroken":true,"newPassed":false,"retriesCount":4,"retriesStatusChange":true,"beforeStages":[{"name":"startSession","time":{"start":1735381689510,"stop":1735381740087,"duration":50577},"description":"","status":"passed","steps":[],"attachments":[],"parameters":[],"stepsCount":0,"hasContent":false,"shouldDisplayMessage":false,"attachmentsCount":0},{"name":"beforeMethod","time":{"start":1735381901246,"stop":1735381901246,"duration":0},"description":"","status":"broken","steps":[],"attachments":[],"parameters":[],"stepsCount":0,"hasContent":false,"shouldDisplayMessage":false,"attachmentsCount":0}],"afterStages":[{"name":"afterMethod","time":{"start":1735381929402,"stop":1735381929402,"duration":0},"description":"","status":"broken","steps":[],"attachments":[],"parameters":[],"stepsCount":0,"hasContent":false,"shouldDisplayMessage":false,"attachmentsCount":0},{"name":"closeSession","time":{"start":1735381929448,"stop":1735381929448,"duration":0},"description":"","status":"broken","steps":[],"attachments":[],"parameters":[],"stepsCount":0,"hasContent":false,"shouldDisplayMessage":false,"attachmentsCount":0}],"labels":[{"name":"package","value":"sanity.ShopDemoPerformanceTesting"},{"name":"testClass","value":"sanity.ShopDemoPerformanceTesting"},{"name":"testMethod","value":"test01_verifyPerformanceMetricTimeOfAddingAProductToCart"},{"name":"parentSuite","value":"Web Suite"},{"name":"suite","value":"Web Tests"},{"name":"subSuite","value":"sanity.ShopDemoPerformanceTesting"},{"name":"host","value":"DESKTOP-DHGB96Q"},{"name":"thread","value":"9284@DESKTOP-DHGB96Q.main(1)"},{"name":"framework","value":"testng"},{"name":"language","value":"java"},{"name":"resultFormat","value":"allure2"}],"parameters":[{"name":"PlatformName","value":"web"}],"links":[],"hidden":false,"retry":false,"extra":{"severity":"normal","retries":[{"uid":"cec59eb447dc5301","status":"skipped","statusDetails":"{\"id\":178,\"error\":{\"message\":\"Performance.getMetrics\",\"data\":\"RemoteAgentError@chrome://remote/content/cdp/Error.sys.mjs:18:5\\nUnknownMethodError@chrome://remote/content/cdp/Error.sys.mjs:101:7\\nexecute@chrome://remote/content/cdp/domains/DomainCache.sys.mjs:92:13\\nreceiveMessage@chrome://remote/content/cdp/sessions/ContentProcessSession.sys.mjs:79:45\\n\"},\"sessionId\":\"040d84a1-9de0-4633-8e9a-c3ac3b9a3ec1\"}\nBuild info: version: '4.16.1', revision: '9b4c83354e'\nSystem info: os.name: 'Windows 10', os.arch: 'amd64', os.version: '10.0', java.version: '11.0.19'\nDriver info: driver.version: unknown","time":{"start":1735381857632,"stop":1735381901194,"duration":43562}},{"uid":"c5728ad9ca555deb","status":"skipped","statusDetails":"{\"id\":176,\"error\":{\"message\":\"Performance.getMetrics\",\"data\":\"RemoteAgentError@chrome://remote/content/cdp/Error.sys.mjs:18:5\\nUnknownMethodError@chrome://remote/content/cdp/Error.sys.mjs:101:7\\nexecute@chrome://remote/content/cdp/domains/DomainCache.sys.mjs:92:13\\nreceiveMessage@chrome://remote/content/cdp/sessions/ContentProcessSession.sys.mjs:79:45\\n\"},\"sessionId\":\"040d84a1-9de0-4633-8e9a-c3ac3b9a3ec1\"}\nBuild info: version: '4.16.1', revision: '9b4c83354e'\nSystem info: os.name: 'Windows 10', os.arch: 'amd64', os.version: '10.0', java.version: '11.0.19'\nDriver info: driver.version: unknown","time":{"start":1735381810017,"stop":1735381857465,"duration":47448}},{"uid":"99f883cbc0d9f88a","status":"skipped","statusDetails":"{\"id\":174,\"error\":{\"message\":\"Performance.getMetrics\",\"data\":\"RemoteAgentError@chrome://remote/content/cdp/Error.sys.mjs:18:5\\nUnknownMethodError@chrome://remote/content/cdp/Error.sys.mjs:101:7\\nexecute@chrome://remote/content/cdp/domains/DomainCache.sys.mjs:92:13\\nreceiveMessage@chrome://remote/content/cdp/sessions/ContentProcessSession.sys.mjs:79:45\\n\"},\"sessionId\":\"040d84a1-9de0-4633-8e9a-c3ac3b9a3ec1\"}\nBuild info: version: '4.16.1', revision: '9b4c83354e'\nSystem info: os.name: 'Windows 10', os.arch: 'amd64', os.version: '10.0', java.version: '11.0.19'\nDriver info: driver.version: unknown","time":{"start":1735381747534,"stop":1735381792575,"duration":45041}},{"uid":"96fc1cc2e4c377ee","status":"passed","time":{"start":1713958961725,"stop":1713958980288,"duration":18563}}],"categories":[{"name":"Test defects","matchedStatuses":[],"flaky":false}],"history":{"statistic":{"failed":0,"broken":1,"skipped":0,"passed":2,"unknown":0,"total":3},"items":[{"uid":"a4ba1bf750c8680c","reportUrl":"http://localhost:9090/job/Sanity%20Tests%20Web%20-%20Atid%20Shop/2/allure/#testresult/a4ba1bf750c8680c","status":"passed","time":{"start":1713958961725,"stop":1713958980288,"duration":18563}},{"uid":"ef64037eb07ebcd1","reportUrl":"http://localhost:9090/job/Sanity%20Tests%20Web%20-%20Atid%20Shop/1/allure/#testresult/ef64037eb07ebcd1","status":"passed","time":{"start":1713958961725,"stop":1713958980288,"duration":18563}}]},"tags":[]},"source":"1d81d0cecd3d963.json","parameterValues":["web"]}